2026-04-01 03:27:35,544 - INFO - Database initialized successfully
2026-04-01 03:28:10,866 - INFO - Loaded 7419 proxies from all_proxies.txt
2026-04-01 03:29:28,357 - INFO - Database initialized successfully
2026-04-01 03:29:50,575 - INFO - Database initialized successfully
2026-04-01 03:30:15,777 - INFO - Loaded 7419 proxies from all_proxies.txt
2026-04-01 03:30:26,248 - INFO - Loaded 3274 proxies from proxies.txt
2026-04-01 03:30:26,248 - INFO - Loaded 0 proxies from http_proxies.txt
2026-04-01 03:30:26,248 - INFO - Loaded 0 proxies from socks4_proxies.txt
2026-04-01 03:30:26,248 - INFO - Loaded 0 proxies from socks5_proxies.txt
2026-04-01 03:30:36,658 - INFO - Loaded 3144 proxies from http_proxies2.txt
2026-04-01 03:30:45,840 - INFO - Loaded 2836 proxies from socks4_proxies2.txt
2026-04-01 03:30:53,282 - INFO - Loaded 2162 proxies from socks5_proxies2.txt
2026-04-01 03:30:53,283 - INFO - Total unique proxies loaded: 7419
2026-04-01 03:35:06,371 - INFO - Database initialized successfully
2026-04-01 03:35:31,837 - INFO - Loaded 7419 proxies from all_proxies.txt
2026-04-01 03:35:42,527 - INFO - Loaded 3274 proxies from proxies.txt
2026-04-01 03:35:42,527 - INFO - Loaded 0 proxies from http_proxies.txt
2026-04-01 03:35:42,527 - INFO - Loaded 0 proxies from socks4_proxies.txt
2026-04-01 03:35:42,527 - INFO - Loaded 0 proxies from socks5_proxies.txt
2026-04-01 03:35:53,274 - INFO - Loaded 3144 proxies from http_proxies2.txt
2026-04-01 03:36:01,882 - INFO - Database initialized successfully
2026-04-01 03:36:12,675 - INFO - Database initialized successfully
2026-04-01 03:36:19,422 - ERROR - Error saving proxy: database is locked
2026-04-01 03:36:25,170 - ERROR - Error saving proxy: database is locked
2026-04-01 03:36:30,188 - ERROR - Error saving proxy: database is locked
2026-04-01 03:36:31,922 - INFO - Loaded 7419 proxies from all_proxies.txt
2026-04-01 03:36:42,835 - INFO - Loaded 3274 proxies from proxies.txt
2026-04-01 03:36:42,836 - INFO - Loaded 0 proxies from http_proxies.txt
2026-04-01 03:36:42,836 - INFO - Loaded 0 proxies from socks4_proxies.txt
2026-04-01 03:36:42,836 - INFO - Loaded 0 proxies from socks5_proxies.txt
2026-04-01 03:36:53,186 - INFO - Loaded 3144 proxies from http_proxies2.txt
2026-04-01 03:37:02,471 - INFO - Loaded 2836 proxies from socks4_proxies2.txt
2026-04-01 03:37:09,616 - INFO - Loaded 2162 proxies from socks5_proxies2.txt
2026-04-01 03:37:09,617 - INFO - Total unique proxies loaded: 7419
2026-04-01 03:37:23,174 - INFO - Database initialized successfully
2026-04-01 03:37:47,586 - INFO - Loaded 7419 proxies from all_proxies.txt
2026-04-01 03:37:58,584 - INFO - Loaded 3274 proxies from proxies.txt
2026-04-01 03:37:58,584 - INFO - Loaded 0 proxies from http_proxies.txt
2026-04-01 03:37:58,584 - INFO - Loaded 0 proxies from socks4_proxies.txt
2026-04-01 03:37:58,584 - INFO - Loaded 0 proxies from socks5_proxies.txt
2026-04-01 03:38:08,895 - INFO - Loaded 3144 proxies from http_proxies2.txt
2026-04-01 03:38:18,417 - INFO - Loaded 2836 proxies from socks4_proxies2.txt
2026-04-01 03:38:25,570 - INFO - Loaded 2162 proxies from socks5_proxies2.txt
2026-04-01 03:38:25,573 - INFO - Total unique proxies loaded: 7419
2026-04-01 03:38:33,505 - WARNING - Failed login attempt: kali
2026-04-01 03:38:53,289 - INFO - User added: kali
2026-04-01 03:38:54,653 - INFO - New user registered: kali
2026-04-01 03:39:03,971 - INFO - User logged in: kali
2026-04-01 03:43:32,336 - INFO - Database initialized successfully
2026-04-01 03:43:56,984 - INFO - Loaded 7419 proxies from all_proxies.txt
2026-04-01 03:44:07,974 - INFO - Loaded 3274 proxies from proxies.txt
2026-04-01 03:44:07,975 - INFO - Loaded 0 proxies from http_proxies.txt
2026-04-01 03:44:07,975 - INFO - Loaded 0 proxies from socks4_proxies.txt
2026-04-01 03:44:07,975 - INFO - Loaded 0 proxies from socks5_proxies.txt
2026-04-01 03:44:18,138 - INFO - Loaded 3144 proxies from http_proxies2.txt
2026-04-01 03:44:27,575 - INFO - Loaded 2836 proxies from socks4_proxies2.txt
2026-04-01 03:44:34,766 - INFO - Loaded 2162 proxies from socks5_proxies2.txt
2026-04-01 03:44:34,768 - INFO - Total unique proxies loaded: 7419
2026-04-01 03:44:48,653 - INFO - User logged in: kali
2026-04-01 05:11:42,206 - INFO - Database initialized successfully
2026-04-01 15:56:59,131 - INFO - Database initialized successfully
2026-04-01 15:57:25,272 - INFO - Loaded 7419 proxies from all_proxies.txt
2026-04-01 15:57:35,756 - INFO - Loaded 3274 proxies from proxies.txt
2026-04-01 15:57:35,756 - INFO - Loaded 0 proxies from http_proxies.txt
2026-04-01 15:57:35,756 - INFO - Loaded 0 proxies from socks4_proxies.txt
2026-04-01 15:57:35,756 - INFO - Loaded 0 proxies from socks5_proxies.txt
2026-04-01 15:57:46,211 - INFO - Loaded 3144 proxies from http_proxies2.txt
2026-04-01 15:57:55,026 - INFO - Loaded 2836 proxies from socks4_proxies2.txt
2026-04-01 15:58:51,553 - INFO - Loaded 2162 proxies from socks5_proxies2.txt
2026-04-01 15:58:51,554 - INFO - Total unique proxies loaded: 7419
2026-04-01 15:59:25,883 - INFO - Database initialized successfully
2026-04-01 16:01:03,012 - INFO - Loaded 7419 proxies from all_proxies.txt
2026-04-01 16:01:13,507 - INFO - Loaded 3274 proxies from proxies.txt
2026-04-01 16:01:13,508 - INFO - Loaded 0 proxies from http_proxies.txt
2026-04-01 16:01:13,508 - INFO - Loaded 0 proxies from socks4_proxies.txt
2026-04-01 16:01:13,508 - INFO - Loaded 0 proxies from socks5_proxies.txt
2026-04-01 16:29:00,725 - INFO - Database initialized successfully
2026-04-01 16:29:26,834 - INFO - Loaded 7419 proxies from all_proxies.txt
2026-04-01 16:29:37,327 - INFO - Loaded 3274 proxies from proxies.txt
2026-04-01 16:29:37,328 - INFO - Loaded 0 proxies from http_proxies.txt
2026-04-01 16:29:37,328 - INFO - Loaded 0 proxies from socks4_proxies.txt
2026-04-01 16:29:37,328 - INFO - Loaded 0 proxies from socks5_proxies.txt
2026-04-01 16:29:47,541 - INFO - Loaded 3144 proxies from http_proxies2.txt
2026-04-01 16:29:56,749 - INFO - Loaded 2836 proxies from socks4_proxies2.txt
2026-04-01 16:31:23,538 - INFO - Database initialized successfully
2026-04-01 16:31:46,889 - INFO - Loaded 7419 proxies from all_proxies.txt
2026-04-01 16:31:57,302 - INFO - Loaded 3274 proxies from proxies.txt
2026-04-01 16:31:57,302 - INFO - Loaded 0 proxies from http_proxies.txt
2026-04-01 16:31:57,302 - INFO - Loaded 0 proxies from socks4_proxies.txt
2026-04-01 16:31:57,302 - INFO - Loaded 0 proxies from socks5_proxies.txt
2026-04-01 16:32:07,892 - INFO - Loaded 3144 proxies from http_proxies2.txt
2026-04-01 16:32:18,243 - INFO - Loaded 2836 proxies from socks4_proxies2.txt
2026-04-01 16:32:25,723 - INFO - Loaded 2162 proxies from socks5_proxies2.txt
2026-04-01 16:32:25,724 - INFO - Total unique proxies loaded: 7419
2026-04-01 16:32:51,268 - WARNING - User already exists: torey
2026-04-01 16:33:03,297 - WARNING - Failed login attempt: torey
2026-04-01 16:33:08,380 - WARNING - Failed login attempt: torey
2026-04-01 16:33:13,488 - WARNING - Failed login attempt: torey
2026-04-01 16:33:21,963 - WARNING - Failed login attempt: torey
2026-04-01 16:33:26,526 - WARNING - Failed login attempt: kali
2026-04-01 16:33:43,812 - INFO - User added: tdawg123
2026-04-01 16:33:45,432 - INFO - New user registered: tdawg123
2026-04-01 16:35:54,685 - INFO - Database initialized successfully
