
=== USER SYSTEM INFORMATION CAPTURED ===
Username: kali
Current Directory: /home/kali/Desktop/hello
Home Directory: /home/kali
Shell: /usr/bin/zsh
System: Linux
Timestamp: 2026-03-31 22:45:49
User Session: admin
========================================


=== USER SYSTEM INFORMATION CAPTURED ===
Username: kali
Current Directory: /home/kali/Desktop/hello
Home Directory: /home/kali
Shell: /usr/bin/zsh
System: Linux
Timestamp: 2026-03-31 22:49:01
User Session: admin
========================================


=== USER SYSTEM INFORMATION CAPTURED ===
Username: kali
Current Directory: /home/kali/Desktop/hello
Home Directory: /home/kali
Shell: /usr/bin/zsh
System: Linux
Timestamp: 2026-03-31 22:49:47
User Session: admin
========================================

